<?xml version="1.0" encoding="UTF-8"?>
<coverage generated="1648652127819" clover="3.2.0">
  <project timestamp="1648652127819" name="All files">
    <metrics statements="113" coveredstatements="55" conditionals="47" coveredconditionals="21" methods="34" coveredmethods="14" elements="194" coveredelements="90" complexity="0" loc="113" ncloc="113" packages="7" files="13" classes="13"/>
    <package name="src">
      <metrics statements="31" coveredstatements="0" conditionals="12" coveredconditionals="0" methods="8" coveredmethods="0"/>
      <file name="App.tsx" path="/home/nmarkovic/Desktop/ReactJsProjects/SpaceXApp/space-x-application/src/App.tsx">
        <metrics statements="7" coveredstatements="0" conditionals="6" coveredconditionals="0" methods="4" coveredmethods="0"/>
        <line num="14" count="0" type="stmt"/>
        <line num="16" count="0" type="stmt"/>
        <line num="17" count="0" type="stmt"/>
        <line num="19" count="0" type="stmt"/>
        <line num="21" count="0" type="stmt"/>
        <line num="22" count="0" type="stmt"/>
        <line num="25" count="0" type="stmt"/>
      </file>
      <file name="auth.tsx" path="/home/nmarkovic/Desktop/ReactJsProjects/SpaceXApp/space-x-application/src/auth.tsx">
        <metrics statements="12" coveredstatements="0" conditionals="2" coveredconditionals="0" methods="2" coveredmethods="0"/>
        <line num="5" count="0" type="stmt"/>
        <line num="7" count="0" type="stmt"/>
        <line num="8" count="0" type="stmt"/>
        <line num="10" count="0" type="stmt"/>
        <line num="11" count="0" type="stmt"/>
        <line num="13" count="0" type="stmt"/>
        <line num="15" count="0" type="stmt"/>
        <line num="17" count="0" type="stmt"/>
        <line num="18" count="0" type="cond" truecount="0" falsecount="2"/>
        <line num="20" count="0" type="stmt"/>
        <line num="26" count="0" type="stmt"/>
        <line num="28" count="0" type="stmt"/>
      </file>
      <file name="index.tsx" path="/home/nmarkovic/Desktop/ReactJsProjects/SpaceXApp/space-x-application/src/index.tsx">
        <metrics statements="4" coveredstatements="0" conditionals="0" coveredconditionals="0" methods="0" coveredmethods="0"/>
        <line num="18" count="0" type="stmt"/>
        <line num="21" count="0" type="stmt"/>
        <line num="26" count="0" type="stmt"/>
        <line num="40" count="0" type="stmt"/>
      </file>
      <file name="reportWebVitals.ts" path="/home/nmarkovic/Desktop/ReactJsProjects/SpaceXApp/space-x-application/src/reportWebVitals.ts">
        <metrics statements="8" coveredstatements="0" conditionals="4" coveredconditionals="0" methods="2" coveredmethods="0"/>
        <line num="3" count="0" type="stmt"/>
        <line num="4" count="0" type="cond" truecount="0" falsecount="4"/>
        <line num="5" count="0" type="stmt"/>
        <line num="6" count="0" type="stmt"/>
        <line num="7" count="0" type="stmt"/>
        <line num="8" count="0" type="stmt"/>
        <line num="9" count="0" type="stmt"/>
        <line num="10" count="0" type="stmt"/>
      </file>
    </package>
    <package name="src.components.UI">
      <metrics statements="2" coveredstatements="0" conditionals="0" coveredconditionals="0" methods="1" coveredmethods="0"/>
      <file name="PageNotFound.tsx" path="/home/nmarkovic/Desktop/ReactJsProjects/SpaceXApp/space-x-application/src/components/UI/PageNotFound.tsx">
        <metrics statements="2" coveredstatements="0" conditionals="0" coveredconditionals="0" methods="1" coveredmethods="0"/>
        <line num="1" count="0" type="stmt"/>
        <line num="2" count="0" type="stmt"/>
      </file>
    </package>
    <package name="src.components.home">
      <metrics statements="4" coveredstatements="4" conditionals="6" coveredconditionals="4" methods="1" coveredmethods="1"/>
      <file name="Home.tsx" path="/home/nmarkovic/Desktop/ReactJsProjects/SpaceXApp/space-x-application/src/components/home/Home.tsx">
        <metrics statements="4" coveredstatements="4" conditionals="6" coveredconditionals="4" methods="1" coveredmethods="1"/>
        <line num="4" count="1" type="stmt"/>
        <line num="5" count="2" type="stmt"/>
        <line num="13" count="2" type="stmt"/>
        <line num="14" count="2" type="stmt"/>
      </file>
    </package>
    <package name="src.components.layout">
      <metrics statements="33" coveredstatements="22" conditionals="14" coveredconditionals="8" methods="11" coveredmethods="5"/>
      <file name="AppBar.tsx" path="/home/nmarkovic/Desktop/ReactJsProjects/SpaceXApp/space-x-application/src/components/layout/AppBar.tsx">
        <metrics statements="33" coveredstatements="22" conditionals="14" coveredconditionals="8" methods="11" coveredmethods="5"/>
        <line num="25" count="2" type="stmt"/>
        <line num="41" count="2" type="stmt"/>
        <line num="51" count="2" type="stmt"/>
        <line num="65" count="2" type="stmt"/>
        <line num="66" count="9" type="stmt"/>
        <line num="68" count="8" type="stmt"/>
        <line num="69" count="12" type="stmt"/>
        <line num="70" count="8" type="stmt"/>
        <line num="71" count="8" type="stmt"/>
        <line num="72" count="8" type="stmt"/>
        <line num="73" count="8" type="stmt"/>
        <line num="75" count="8" type="stmt"/>
        <line num="76" count="0" type="cond" truecount="0" falsecount="2"/>
        <line num="77" count="0" type="stmt"/>
        <line num="81" count="8" type="stmt"/>
        <line num="82" count="0" type="stmt"/>
        <line num="85" count="8" type="stmt"/>
        <line num="86" count="0" type="stmt"/>
        <line num="87" count="0" type="stmt"/>
        <line num="89" count="0" type="stmt"/>
        <line num="90" count="0" type="stmt"/>
        <line num="92" count="8" type="stmt"/>
        <line num="93" count="0" type="stmt"/>
        <line num="95" count="8" type="stmt"/>
        <line num="96" count="0" type="stmt"/>
        <line num="97" count="0" type="stmt"/>
        <line num="99" count="8" type="stmt"/>
        <line num="100" count="0" type="stmt"/>
        <line num="102" count="8" type="stmt"/>
        <line num="104" count="8" type="stmt"/>
        <line num="125" count="8" type="stmt"/>
        <line num="128" count="8" type="stmt"/>
        <line num="178" count="8" type="stmt"/>
      </file>
    </package>
    <package name="src.components.login">
      <metrics statements="18" coveredstatements="14" conditionals="9" coveredconditionals="5" methods="6" coveredmethods="4"/>
      <file name="Login.tsx" path="/home/nmarkovic/Desktop/ReactJsProjects/SpaceXApp/space-x-application/src/components/login/Login.tsx">
        <metrics statements="7" coveredstatements="7" conditionals="3" coveredconditionals="3" methods="3" coveredmethods="3"/>
        <line num="6" count="2" type="stmt"/>
        <line num="14" count="2" type="stmt"/>
        <line num="15" count="13" type="stmt"/>
        <line num="16" count="16" type="stmt"/>
        <line num="17" count="12" type="stmt"/>
        <line num="18" count="16" type="stmt"/>
        <line num="21" count="12" type="cond" truecount="3" falsecount="0"/>
      </file>
      <file name="LoginForm.tsx" path="/home/nmarkovic/Desktop/ReactJsProjects/SpaceXApp/space-x-application/src/components/login/LoginForm.tsx">
        <metrics statements="11" coveredstatements="7" conditionals="6" coveredconditionals="2" methods="3" coveredmethods="1"/>
        <line num="13" count="3" type="stmt"/>
        <line num="14" count="4" type="stmt"/>
        <line num="15" count="3" type="stmt"/>
        <line num="17" count="3" type="stmt"/>
        <line num="18" count="0" type="stmt"/>
        <line num="25" count="3" type="stmt"/>
        <line num="27" count="3" type="stmt"/>
        <line num="28" count="0" type="stmt"/>
        <line num="29" count="0" type="cond" truecount="0" falsecount="2"/>
        <line num="30" count="0" type="stmt"/>
        <line num="33" count="3" type="stmt"/>
      </file>
    </package>
    <package name="src.pages">
      <metrics statements="4" coveredstatements="0" conditionals="0" coveredconditionals="0" methods="2" coveredmethods="0"/>
      <file name="home-page.tsx" path="/home/nmarkovic/Desktop/ReactJsProjects/SpaceXApp/space-x-application/src/pages/home-page.tsx">
        <metrics statements="2" coveredstatements="0" conditionals="0" coveredconditionals="0" methods="1" coveredmethods="0"/>
        <line num="2" count="0" type="stmt"/>
        <line num="3" count="0" type="stmt"/>
      </file>
      <file name="login-page.tsx" path="/home/nmarkovic/Desktop/ReactJsProjects/SpaceXApp/space-x-application/src/pages/login-page.tsx">
        <metrics statements="2" coveredstatements="0" conditionals="0" coveredconditionals="0" methods="1" coveredmethods="0"/>
        <line num="2" count="0" type="stmt"/>
        <line num="4" count="0" type="stmt"/>
      </file>
    </package>
    <package name="src.store">
      <metrics statements="21" coveredstatements="15" conditionals="6" coveredconditionals="4" methods="5" coveredmethods="4"/>
      <file name="login-slice.tsx" path="/home/nmarkovic/Desktop/ReactJsProjects/SpaceXApp/space-x-application/src/store/login-slice.tsx">
        <metrics statements="20" coveredstatements="14" conditionals="6" coveredconditionals="4" methods="5" coveredmethods="4"/>
        <line num="10" count="3" type="stmt"/>
        <line num="16" count="3" type="stmt"/>
        <line num="23" count="3" type="stmt"/>
        <line num="32" count="3" type="stmt"/>
        <line num="35" count="3" type="cond" truecount="2" falsecount="0"/>
        <line num="36" count="1" type="stmt"/>
        <line num="37" count="1" type="stmt"/>
        <line num="41" count="1" type="stmt"/>
        <line num="42" count="1" type="stmt"/>
        <line num="43" count="1" type="stmt"/>
        <line num="44" count="1" type="stmt"/>
        <line num="47" count="1" type="stmt"/>
        <line num="50" count="1" type="stmt"/>
        <line num="53" count="0" type="stmt"/>
        <line num="54" count="0" type="cond" truecount="0" falsecount="2"/>
        <line num="55" count="0" type="stmt"/>
        <line num="56" count="0" type="stmt"/>
        <line num="58" count="0" type="stmt"/>
        <line num="60" count="0" type="stmt"/>
        <line num="68" count="3" type="stmt"/>
      </file>
      <file name="store.tsx" path="/home/nmarkovic/Desktop/ReactJsProjects/SpaceXApp/space-x-application/src/store/store.tsx">
        <metrics statements="1" coveredstatements="1" conditionals="0" coveredconditionals="0" methods="0" coveredmethods="0"/>
        <line num="3" count="3" type="stmt"/>
      </file>
    </package>
  </project>
</coverage>
