{"/home/nmarkovic/Desktop/ReactJsProjects/SpaceXApp/space-x-application/src/App.tsx": {"path":"/home/nmarkovic/Desktop/ReactJsProjects/SpaceXApp/space-x-application/src/App.tsx","statementMap":{"0":{"start":{"line":14,"column":19},"end":{"line":14,"column":74}},"1":{"start":{"line":14,"column":53},"end":{"line":14,"column":73}},"2":{"start":{"line":16,"column":23},"end":{"line":18,"column":3}},"3":{"start":{"line":17,"column":26},"end":{"line":17,"column":48}},"4":{"start":{"line":19,"column":19},"end":{"line":19,"column":32}},"5":{"start":{"line":21,"column":2},"end":{"line":23,"column":17}},"6":{"start":{"line":22,"column":4},"end":{"line":22,"column":33}},"7":{"start":{"line":25,"column":2},"end":{"line":43,"column":4}}},"fnMap":{"0":{"name":"App","decl":{"start":{"line":13,"column":9},"end":{"line":13,"column":12}},"loc":{"start":{"line":13,"column":15},"end":{"line":44,"column":1}},"line":13},"1":{"name":"(anonymous_1)","decl":{"start":{"line":14,"column":31},"end":{"line":14,"column":32}},"loc":{"start":{"line":14,"column":53},"end":{"line":14,"column":73}},"line":14},"2":{"name":"(anonymous_2)","decl":{"start":{"line":17,"column":4},"end":{"line":17,"column":5}},"loc":{"start":{"line":17,"column":26},"end":{"line":17,"column":48}},"line":17},"3":{"name":"(anonymous_3)","decl":{"start":{"line":21,"column":12},"end":{"line":21,"column":13}},"loc":{"start":{"line":21,"column":18},"end":{"line":23,"column":3}},"line":21}},"branchMap":{"0":{"loc":{"start":{"line":32,"column":11},"end":{"line":32,"column":35}},"type":"binary-expr","locations":[{"start":{"line":32,"column":11},"end":{"line":32,"column":19}},{"start":{"line":32,"column":23},"end":{"line":32,"column":35}}],"line":32},"1":{"loc":{"start":{"line":35,"column":11},"end":{"line":35,"column":41}},"type":"binary-expr","locations":[{"start":{"line":35,"column":11},"end":{"line":35,"column":24}},{"start":{"line":35,"column":28},"end":{"line":35,"column":41}}],"line":35},"2":{"loc":{"start":{"line":36,"column":11},"end":{"line":36,"column":39}},"type":"binary-expr","locations":[{"start":{"line":36,"column":11},"end":{"line":36,"column":23}},{"start":{"line":36,"column":27},"end":{"line":36,"column":39}}],"line":36}},"s":{"0":0,"1":0,"2":0,"3":0,"4":0,"5":0,"6":0,"7":0},"f":{"0":0,"1":0,"2":0,"3":0},"b":{"0":[0,0],"1":[0,0],"2":[0,0]}}
,"/home/nmarkovic/Desktop/ReactJsProjects/SpaceXApp/space-x-application/src/auth.tsx": {"path":"/home/nmarkovic/Desktop/ReactJsProjects/SpaceXApp/space-x-application/src/auth.tsx","statementMap":{"0":{"start":{"line":5,"column":17},"end":{"line":30,"column":2}},"1":{"start":{"line":7,"column":2},"end":{"line":16,"column":3}},"2":{"start":{"line":8,"column":24},"end":{"line":8,"column":53}},"3":{"start":{"line":10,"column":25},"end":{"line":10,"column":41}},"4":{"start":{"line":11,"column":24},"end":{"line":11,"column":34}},"5":{"start":{"line":13,"column":4},"end":{"line":13,"column":70}},"6":{"start":{"line":15,"column":4},"end":{"line":15,"column":33}},"7":{"start":{"line":17,"column":2},"end":{"line":17,"column":28}},"8":{"start":{"line":18,"column":2},"end":{"line":29,"column":3}},"9":{"start":{"line":20,"column":4},"end":{"line":25,"column":8}},"10":{"start":{"line":20,"column":43},"end":{"line":25,"column":5}},"11":{"start":{"line":26,"column":4},"end":{"line":26,"column":30}},"12":{"start":{"line":28,"column":4},"end":{"line":28,"column":11}}},"fnMap":{"0":{"name":"(anonymous_0)","decl":{"start":{"line":5,"column":32},"end":{"line":5,"column":33}},"loc":{"start":{"line":5,"column":56},"end":{"line":30,"column":1}},"line":5},"1":{"name":"(anonymous_1)","decl":{"start":{"line":20,"column":25},"end":{"line":20,"column":26}},"loc":{"start":{"line":20,"column":43},"end":{"line":25,"column":5}},"line":20}},"branchMap":{"0":{"loc":{"start":{"line":18,"column":2},"end":{"line":29,"column":3}},"type":"if","locations":[{"start":{"line":18,"column":2},"end":{"line":29,"column":3}},{"start":{"line":27,"column":9},"end":{"line":29,"column":3}}],"line":18}},"s":{"0":0,"1":0,"2":0,"3":0,"4":0,"5":0,"6":0,"7":0,"8":0,"9":0,"10":0,"11":0,"12":0},"f":{"0":0,"1":0},"b":{"0":[0,0]}}
,"/home/nmarkovic/Desktop/ReactJsProjects/SpaceXApp/space-x-application/src/index.tsx": {"path":"/home/nmarkovic/Desktop/ReactJsProjects/SpaceXApp/space-x-application/src/index.tsx","statementMap":{"0":{"start":{"line":18,"column":17},"end":{"line":20,"column":2}},"1":{"start":{"line":21,"column":22},"end":{"line":24,"column":2}},"2":{"start":{"line":26,"column":0},"end":{"line":39,"column":2}},"3":{"start":{"line":40,"column":0},"end":{"line":40,"column":18}}},"fnMap":{},"branchMap":{},"s":{"0":0,"1":0,"2":0,"3":0},"f":{},"b":{}}
,"/home/nmarkovic/Desktop/ReactJsProjects/SpaceXApp/space-x-application/src/reportWebVitals.ts": {"path":"/home/nmarkovic/Desktop/ReactJsProjects/SpaceXApp/space-x-application/src/reportWebVitals.ts","statementMap":{"0":{"start":{"line":3,"column":24},"end":{"line":13,"column":1}},"1":{"start":{"line":4,"column":2},"end":{"line":12,"column":3}},"2":{"start":{"line":5,"column":4},"end":{"line":11,"column":7}},"3":{"start":{"line":6,"column":6},"end":{"line":6,"column":26}},"4":{"start":{"line":7,"column":6},"end":{"line":7,"column":26}},"5":{"start":{"line":8,"column":6},"end":{"line":8,"column":26}},"6":{"start":{"line":9,"column":6},"end":{"line":9,"column":26}},"7":{"start":{"line":10,"column":6},"end":{"line":10,"column":27}}},"fnMap":{"0":{"name":"(anonymous_0)","decl":{"start":{"line":3,"column":24},"end":{"line":3,"column":25}},"loc":{"start":{"line":3,"column":57},"end":{"line":13,"column":1}},"line":3},"1":{"name":"(anonymous_1)","decl":{"start":{"line":5,"column":30},"end":{"line":5,"column":31}},"loc":{"start":{"line":5,"column":79},"end":{"line":11,"column":5}},"line":5}},"branchMap":{"0":{"loc":{"start":{"line":4,"column":2},"end":{"line":12,"column":3}},"type":"if","locations":[{"start":{"line":4,"column":2},"end":{"line":12,"column":3}},{"start":{},"end":{}}],"line":4},"1":{"loc":{"start":{"line":4,"column":6},"end":{"line":4,"column":52}},"type":"binary-expr","locations":[{"start":{"line":4,"column":6},"end":{"line":4,"column":17}},{"start":{"line":4,"column":21},"end":{"line":4,"column":52}}],"line":4}},"s":{"0":0,"1":0,"2":0,"3":0,"4":0,"5":0,"6":0,"7":0},"f":{"0":0,"1":0},"b":{"0":[0,0],"1":[0,0]}}
,"/home/nmarkovic/Desktop/ReactJsProjects/SpaceXApp/space-x-application/src/components/UI/PageNotFound.tsx": {"path":"/home/nmarkovic/Desktop/ReactJsProjects/SpaceXApp/space-x-application/src/components/UI/PageNotFound.tsx","statementMap":{"0":{"start":{"line":1,"column":21},"end":{"line":3,"column":1}},"1":{"start":{"line":2,"column":2},"end":{"line":2,"column":37}}},"fnMap":{"0":{"name":"(anonymous_0)","decl":{"start":{"line":1,"column":21},"end":{"line":1,"column":22}},"loc":{"start":{"line":1,"column":27},"end":{"line":3,"column":1}},"line":1}},"branchMap":{},"s":{"0":0,"1":0},"f":{"0":0},"b":{}}
,"/home/nmarkovic/Desktop/ReactJsProjects/SpaceXApp/space-x-application/src/components/home/Home.tsx": {"path":"/home/nmarkovic/Desktop/ReactJsProjects/SpaceXApp/space-x-application/src/components/home/Home.tsx","statementMap":{"0":{"start":{"line":4,"column":13},"end":{"line":25,"column":1}},"1":{"start":{"line":5,"column":18},"end":{"line":12,"column":3}},"2":{"start":{"line":13,"column":35},"end":{"line":13,"column":52}},"3":{"start":{"line":14,"column":2},"end":{"line":24,"column":4}}},"fnMap":{"0":{"name":"(anonymous_0)","decl":{"start":{"line":4,"column":13},"end":{"line":4,"column":14}},"loc":{"start":{"line":4,"column":19},"end":{"line":25,"column":1}},"line":4}},"branchMap":{"0":{"loc":{"start":{"line":16,"column":7},"end":{"line":16,"column":35}},"type":"binary-expr","locations":[{"start":{"line":16,"column":7},"end":{"line":16,"column":14}},{"start":{"line":16,"column":18},"end":{"line":16,"column":35}}],"line":16},"1":{"loc":{"start":{"line":17,"column":7},"end":{"line":17,"column":37}},"type":"binary-expr","locations":[{"start":{"line":17,"column":7},"end":{"line":17,"column":12}},{"start":{"line":17,"column":16},"end":{"line":17,"column":37}}],"line":17},"2":{"loc":{"start":{"line":18,"column":7},"end":{"line":22,"column":7}},"type":"binary-expr","locations":[{"start":{"line":18,"column":7},"end":{"line":18,"column":11}},{"start":{"line":19,"column":8},"end":{"line":21,"column":14}}],"line":18}},"s":{"0":1,"1":2,"2":2,"3":2},"f":{"0":2},"b":{"0":[2,2],"1":[2,0],"2":[2,0]},"_coverageSchema":"1a1c01bbd47fc00a2c39e90264f33305004495a9","hash":"0746e0b68e238fd96c1ca29947cdfd6de3049f99"}
,"/home/nmarkovic/Desktop/ReactJsProjects/SpaceXApp/space-x-application/src/components/layout/AppBar.tsx": {"path":"/home/nmarkovic/Desktop/ReactJsProjects/SpaceXApp/space-x-application/src/components/layout/AppBar.tsx","statementMap":{"0":{"start":{"line":25,"column":15},"end":{"line":39,"column":3}},"1":{"start":{"line":25,"column":45},"end":{"line":39,"column":1}},"2":{"start":{"line":41,"column":26},"end":{"line":49,"column":3}},"3":{"start":{"line":41,"column":56},"end":{"line":49,"column":1}},"4":{"start":{"line":51,"column":24},"end":{"line":63,"column":3}},"5":{"start":{"line":51,"column":58},"end":{"line":63,"column":1}},"6":{"start":{"line":65,"column":38},"end":{"line":276,"column":1}},"7":{"start":{"line":66,"column":34},"end":{"line":66,"column":74}},"8":{"start":{"line":68,"column":4},"end":{"line":68,"column":44}},"9":{"start":{"line":69,"column":19},"end":{"line":69,"column":74}},"10":{"start":{"line":69,"column":53},"end":{"line":69,"column":73}},"11":{"start":{"line":70,"column":19},"end":{"line":70,"column":32}},"12":{"start":{"line":71,"column":21},"end":{"line":71,"column":38}},"13":{"start":{"line":72,"column":27},"end":{"line":72,"column":54}},"14":{"start":{"line":73,"column":18},"end":{"line":73,"column":30}},"15":{"start":{"line":75,"column":32},"end":{"line":79,"column":3}},"16":{"start":{"line":76,"column":4},"end":{"line":78,"column":5}},"17":{"start":{"line":77,"column":6},"end":{"line":77,"column":39}},"18":{"start":{"line":81,"column":32},"end":{"line":83,"column":3}},"19":{"start":{"line":82,"column":4},"end":{"line":82,"column":32}},"20":{"start":{"line":85,"column":23},"end":{"line":91,"column":3}},"21":{"start":{"line":86,"column":4},"end":{"line":86,"column":30}},"22":{"start":{"line":87,"column":4},"end":{"line":87,"column":23}},"23":{"start":{"line":89,"column":4},"end":{"line":89,"column":22}},"24":{"start":{"line":90,"column":4},"end":{"line":90,"column":32}},"25":{"start":{"line":92,"column":26},"end":{"line":94,"column":3}},"26":{"start":{"line":93,"column":4},"end":{"line":93,"column":22}},"27":{"start":{"line":95,"column":29},"end":{"line":98,"column":3}},"28":{"start":{"line":96,"column":4},"end":{"line":96,"column":30}},"29":{"start":{"line":97,"column":4},"end":{"line":97,"column":27}},"30":{"start":{"line":99,"column":31},"end":{"line":101,"column":3}},"31":{"start":{"line":100,"column":4},"end":{"line":100,"column":47}},"32":{"start":{"line":102,"column":17},"end":{"line":102,"column":46}},"33":{"start":{"line":104,"column":4},"end":{"line":122,"column":11}},"34":{"start":{"line":125,"column":23},"end":{"line":125,"column":59}},"35":{"start":{"line":128,"column":4},"end":{"line":175,"column":11}},"36":{"start":{"line":178,"column":2},"end":{"line":275,"column":4}}},"fnMap":{"0":{"name":"(anonymous_0)","decl":{"start":{"line":25,"column":29},"end":{"line":25,"column":30}},"loc":{"start":{"line":25,"column":45},"end":{"line":39,"column":1}},"line":25},"1":{"name":"(anonymous_1)","decl":{"start":{"line":41,"column":40},"end":{"line":41,"column":41}},"loc":{"start":{"line":41,"column":56},"end":{"line":49,"column":1}},"line":41},"2":{"name":"(anonymous_2)","decl":{"start":{"line":51,"column":42},"end":{"line":51,"column":43}},"loc":{"start":{"line":51,"column":58},"end":{"line":63,"column":1}},"line":51},"3":{"name":"(anonymous_3)","decl":{"start":{"line":65,"column":38},"end":{"line":65,"column":39}},"loc":{"start":{"line":65,"column":49},"end":{"line":276,"column":1}},"line":65},"4":{"name":"(anonymous_4)","decl":{"start":{"line":69,"column":31},"end":{"line":69,"column":32}},"loc":{"start":{"line":69,"column":53},"end":{"line":69,"column":73}},"line":69},"5":{"name":"(anonymous_5)","decl":{"start":{"line":75,"column":32},"end":{"line":75,"column":33}},"loc":{"start":{"line":75,"column":74},"end":{"line":79,"column":3}},"line":75},"6":{"name":"(anonymous_6)","decl":{"start":{"line":81,"column":32},"end":{"line":81,"column":33}},"loc":{"start":{"line":81,"column":38},"end":{"line":83,"column":3}},"line":81},"7":{"name":"(anonymous_7)","decl":{"start":{"line":85,"column":23},"end":{"line":85,"column":24}},"loc":{"start":{"line":85,"column":29},"end":{"line":91,"column":3}},"line":85},"8":{"name":"(anonymous_8)","decl":{"start":{"line":92,"column":26},"end":{"line":92,"column":27}},"loc":{"start":{"line":92,"column":32},"end":{"line":94,"column":3}},"line":92},"9":{"name":"(anonymous_9)","decl":{"start":{"line":95,"column":29},"end":{"line":95,"column":30}},"loc":{"start":{"line":95,"column":35},"end":{"line":98,"column":3}},"line":95},"10":{"name":"(anonymous_10)","decl":{"start":{"line":99,"column":31},"end":{"line":99,"column":32}},"loc":{"start":{"line":99,"column":73},"end":{"line":101,"column":3}},"line":99}},"branchMap":{"0":{"loc":{"start":{"line":76,"column":4},"end":{"line":78,"column":5}},"type":"if","locations":[{"start":{"line":76,"column":4},"end":{"line":78,"column":5}},{"start":{},"end":{}}],"line":76},"1":{"loc":{"start":{"line":182,"column":11},"end":{"line":245,"column":11}},"type":"binary-expr","locations":[{"start":{"line":182,"column":11},"end":{"line":182,"column":19}},{"start":{"line":183,"column":12},"end":{"line":244,"column":23}}],"line":182},"2":{"loc":{"start":{"line":247,"column":11},"end":{"line":253,"column":11}},"type":"binary-expr","locations":[{"start":{"line":247,"column":11},"end":{"line":247,"column":20}},{"start":{"line":248,"column":12},"end":{"line":252,"column":18}}],"line":247},"3":{"loc":{"start":{"line":255,"column":13},"end":{"line":266,"column":13}},"type":"binary-expr","locations":[{"start":{"line":255,"column":13},"end":{"line":255,"column":21}},{"start":{"line":256,"column":14},"end":{"line":265,"column":27}}],"line":255},"4":{"loc":{"start":{"line":271,"column":7},"end":{"line":271,"column":55}},"type":"binary-expr","locations":[{"start":{"line":271,"column":7},"end":{"line":271,"column":23}},{"start":{"line":271,"column":27},"end":{"line":271,"column":35}},{"start":{"line":271,"column":39},"end":{"line":271,"column":55}}],"line":271},"5":{"loc":{"start":{"line":272,"column":7},"end":{"line":272,"column":43}},"type":"binary-expr","locations":[{"start":{"line":272,"column":7},"end":{"line":272,"column":17}},{"start":{"line":272,"column":21},"end":{"line":272,"column":29}},{"start":{"line":272,"column":33},"end":{"line":272,"column":43}}],"line":272}},"s":{"0":2,"1":2,"2":2,"3":2,"4":2,"5":2,"6":2,"7":9,"8":8,"9":8,"10":12,"11":8,"12":8,"13":8,"14":8,"15":8,"16":0,"17":0,"18":8,"19":0,"20":8,"21":0,"22":0,"23":0,"24":0,"25":8,"26":0,"27":8,"28":0,"29":0,"30":8,"31":0,"32":8,"33":8,"34":8,"35":8,"36":8},"f":{"0":2,"1":2,"2":2,"3":9,"4":12,"5":0,"6":0,"7":0,"8":0,"9":0,"10":0},"b":{"0":[0,0],"1":[8,2],"2":[8,6],"3":[8,2],"4":[8,0,0],"5":[8,0,0]},"_coverageSchema":"1a1c01bbd47fc00a2c39e90264f33305004495a9","hash":"7e40bd438278eaa7dfa80317b4157061b9e0af1d"}
,"/home/nmarkovic/Desktop/ReactJsProjects/SpaceXApp/space-x-application/src/components/login/Login.tsx": {"path":"/home/nmarkovic/Desktop/ReactJsProjects/SpaceXApp/space-x-application/src/components/login/Login.tsx","statementMap":{"0":{"start":{"line":6,"column":23},"end":{"line":13,"column":1}},"1":{"start":{"line":14,"column":24},"end":{"line":22,"column":1}},"2":{"start":{"line":15,"column":35},"end":{"line":15,"column":52}},"3":{"start":{"line":16,"column":19},"end":{"line":16,"column":74}},"4":{"start":{"line":16,"column":53},"end":{"line":16,"column":73}},"5":{"start":{"line":17,"column":22},"end":{"line":19,"column":3}},"6":{"start":{"line":18,"column":26},"end":{"line":18,"column":54}},"7":{"start":{"line":21,"column":2},"end":{"line":21,"column":74}}},"fnMap":{"0":{"name":"(anonymous_0)","decl":{"start":{"line":14,"column":24},"end":{"line":14,"column":25}},"loc":{"start":{"line":14,"column":30},"end":{"line":22,"column":1}},"line":14},"1":{"name":"(anonymous_1)","decl":{"start":{"line":16,"column":31},"end":{"line":16,"column":32}},"loc":{"start":{"line":16,"column":53},"end":{"line":16,"column":73}},"line":16},"2":{"name":"(anonymous_2)","decl":{"start":{"line":18,"column":4},"end":{"line":18,"column":5}},"loc":{"start":{"line":18,"column":26},"end":{"line":18,"column":54}},"line":18}},"branchMap":{"0":{"loc":{"start":{"line":21,"column":20},"end":{"line":21,"column":61}},"type":"binary-expr","locations":[{"start":{"line":21,"column":20},"end":{"line":21,"column":29}},{"start":{"line":21,"column":33},"end":{"line":21,"column":44}},{"start":{"line":21,"column":48},"end":{"line":21,"column":61}}],"line":21}},"s":{"0":2,"1":2,"2":13,"3":12,"4":16,"5":12,"6":16,"7":12},"f":{"0":13,"1":16,"2":16},"b":{"0":[12,10,2]},"_coverageSchema":"1a1c01bbd47fc00a2c39e90264f33305004495a9","hash":"7e25f893b71fc932968fbb5e5f9645c3784785bc"}
,"/home/nmarkovic/Desktop/ReactJsProjects/SpaceXApp/space-x-application/src/components/login/LoginForm.tsx": {"path":"/home/nmarkovic/Desktop/ReactJsProjects/SpaceXApp/space-x-application/src/components/login/LoginForm.tsx","statementMap":{"0":{"start":{"line":13,"column":28},"end":{"line":90,"column":1}},"1":{"start":{"line":14,"column":18},"end":{"line":14,"column":30}},"2":{"start":{"line":15,"column":19},"end":{"line":15,"column":32}},"3":{"start":{"line":17,"column":26},"end":{"line":19,"column":3}},"4":{"start":{"line":18,"column":4},"end":{"line":18,"column":30}},"5":{"start":{"line":25,"column":6},"end":{"line":25,"column":23}},"6":{"start":{"line":27,"column":42},"end":{"line":31,"column":3}},"7":{"start":{"line":28,"column":4},"end":{"line":28,"column":26}},"8":{"start":{"line":29,"column":21},"end":{"line":29,"column":71}},"9":{"start":{"line":30,"column":4},"end":{"line":30,"column":32}},"10":{"start":{"line":33,"column":2},"end":{"line":89,"column":4}}},"fnMap":{"0":{"name":"(anonymous_0)","decl":{"start":{"line":13,"column":28},"end":{"line":13,"column":29}},"loc":{"start":{"line":13,"column":34},"end":{"line":90,"column":1}},"line":13},"1":{"name":"(anonymous_1)","decl":{"start":{"line":17,"column":26},"end":{"line":17,"column":27}},"loc":{"start":{"line":17,"column":32},"end":{"line":19,"column":3}},"line":17},"2":{"name":"(anonymous_2)","decl":{"start":{"line":27,"column":42},"end":{"line":27,"column":43}},"loc":{"start":{"line":27,"column":52},"end":{"line":31,"column":3}},"line":27}},"branchMap":{"0":{"loc":{"start":{"line":29,"column":21},"end":{"line":29,"column":71}},"type":"cond-expr","locations":[{"start":{"line":29,"column":53},"end":{"line":29,"column":60}},{"start":{"line":29,"column":63},"end":{"line":29,"column":71}}],"line":29},"1":{"loc":{"start":{"line":48,"column":9},"end":{"line":48,"column":52}},"type":"binary-expr","locations":[{"start":{"line":48,"column":9},"end":{"line":48,"column":24}},{"start":{"line":48,"column":28},"end":{"line":48,"column":52}}],"line":48},"2":{"loc":{"start":{"line":62,"column":9},"end":{"line":62,"column":52}},"type":"binary-expr","locations":[{"start":{"line":62,"column":9},"end":{"line":62,"column":24}},{"start":{"line":62,"column":28},"end":{"line":62,"column":52}}],"line":62}},"s":{"0":3,"1":4,"2":3,"3":3,"4":0,"5":3,"6":3,"7":0,"8":0,"9":0,"10":3},"f":{"0":4,"1":0,"2":0},"b":{"0":[0,0],"1":[3,0],"2":[3,0]},"_coverageSchema":"1a1c01bbd47fc00a2c39e90264f33305004495a9","hash":"8b14f49cb68b0d7d43e9b44d65f3fafb2dd75d42"}
,"/home/nmarkovic/Desktop/ReactJsProjects/SpaceXApp/space-x-application/src/pages/home-page.tsx": {"path":"/home/nmarkovic/Desktop/ReactJsProjects/SpaceXApp/space-x-application/src/pages/home-page.tsx","statementMap":{"0":{"start":{"line":2,"column":17},"end":{"line":4,"column":1}},"1":{"start":{"line":3,"column":2},"end":{"line":3,"column":18}}},"fnMap":{"0":{"name":"(anonymous_0)","decl":{"start":{"line":2,"column":17},"end":{"line":2,"column":18}},"loc":{"start":{"line":2,"column":23},"end":{"line":4,"column":1}},"line":2}},"branchMap":{},"s":{"0":0,"1":0},"f":{"0":0},"b":{}}
,"/home/nmarkovic/Desktop/ReactJsProjects/SpaceXApp/space-x-application/src/pages/login-page.tsx": {"path":"/home/nmarkovic/Desktop/ReactJsProjects/SpaceXApp/space-x-application/src/pages/login-page.tsx","statementMap":{"0":{"start":{"line":2,"column":18},"end":{"line":5,"column":1}},"1":{"start":{"line":4,"column":4},"end":{"line":4,"column":19}}},"fnMap":{"0":{"name":"(anonymous_0)","decl":{"start":{"line":2,"column":18},"end":{"line":2,"column":19}},"loc":{"start":{"line":2,"column":22},"end":{"line":5,"column":1}},"line":2}},"branchMap":{},"s":{"0":0,"1":0},"f":{"0":0},"b":{}}
,"/home/nmarkovic/Desktop/ReactJsProjects/SpaceXApp/space-x-application/src/store/login-slice.tsx": {"path":"/home/nmarkovic/Desktop/ReactJsProjects/SpaceXApp/space-x-application/src/store/login-slice.tsx","statementMap":{"0":{"start":{"line":10,"column":13},"end":{"line":15,"column":1}},"1":{"start":{"line":16,"column":33},"end":{"line":21,"column":1}},"2":{"start":{"line":23,"column":26},"end":{"line":64,"column":2}},"3":{"start":{"line":32,"column":6},"end":{"line":34,"column":50}},"4":{"start":{"line":35,"column":6},"end":{"line":38,"column":7}},"5":{"start":{"line":36,"column":8},"end":{"line":36,"column":33}},"6":{"start":{"line":37,"column":8},"end":{"line":37,"column":50}},"7":{"start":{"line":41,"column":6},"end":{"line":41,"column":29}},"8":{"start":{"line":42,"column":6},"end":{"line":42,"column":31}},"9":{"start":{"line":43,"column":6},"end":{"line":43,"column":23}},"10":{"start":{"line":44,"column":6},"end":{"line":44,"column":39}},"11":{"start":{"line":47,"column":6},"end":{"line":47,"column":36}},"12":{"start":{"line":50,"column":6},"end":{"line":50,"column":37}},"13":{"start":{"line":53,"column":26},"end":{"line":53,"column":55}},"14":{"start":{"line":54,"column":6},"end":{"line":61,"column":7}},"15":{"start":{"line":55,"column":29},"end":{"line":55,"column":45}},"16":{"start":{"line":56,"column":28},"end":{"line":56,"column":38}},"17":{"start":{"line":58,"column":8},"end":{"line":58,"column":76}},"18":{"start":{"line":60,"column":8},"end":{"line":60,"column":78}},"19":{"start":{"line":68,"column":2},"end":{"line":68,"column":20}}},"fnMap":{"0":{"name":"(anonymous_0)","decl":{"start":{"line":28,"column":11},"end":{"line":28,"column":12}},"loc":{"start":{"line":31,"column":9},"end":{"line":39,"column":5}},"line":31},"1":{"name":"(anonymous_1)","decl":{"start":{"line":40,"column":12},"end":{"line":40,"column":13}},"loc":{"start":{"line":40,"column":23},"end":{"line":45,"column":5}},"line":40},"2":{"name":"(anonymous_2)","decl":{"start":{"line":46,"column":19},"end":{"line":46,"column":20}},"loc":{"start":{"line":46,"column":30},"end":{"line":48,"column":5}},"line":46},"3":{"name":"(anonymous_3)","decl":{"start":{"line":49,"column":19},"end":{"line":49,"column":20}},"loc":{"start":{"line":49,"column":30},"end":{"line":51,"column":5}},"line":49},"4":{"name":"(anonymous_4)","decl":{"start":{"line":52,"column":22},"end":{"line":52,"column":23}},"loc":{"start":{"line":52,"column":33},"end":{"line":62,"column":5}},"line":52}},"branchMap":{"0":{"loc":{"start":{"line":33,"column":8},"end":{"line":34,"column":49}},"type":"binary-expr","locations":[{"start":{"line":33,"column":8},"end":{"line":33,"column":49}},{"start":{"line":34,"column":8},"end":{"line":34,"column":49}}],"line":33},"1":{"loc":{"start":{"line":35,"column":6},"end":{"line":38,"column":7}},"type":"if","locations":[{"start":{"line":35,"column":6},"end":{"line":38,"column":7}},{"start":{},"end":{}}],"line":35},"2":{"loc":{"start":{"line":54,"column":6},"end":{"line":61,"column":7}},"type":"if","locations":[{"start":{"line":54,"column":6},"end":{"line":61,"column":7}},{"start":{},"end":{}}],"line":54}},"s":{"0":3,"1":3,"2":3,"3":3,"4":3,"5":1,"6":1,"7":1,"8":1,"9":1,"10":1,"11":1,"12":1,"13":0,"14":0,"15":0,"16":0,"17":0,"18":0,"19":3},"f":{"0":3,"1":1,"2":1,"3":1,"4":0},"b":{"0":[3,1],"1":[1,2],"2":[0,0]},"_coverageSchema":"1a1c01bbd47fc00a2c39e90264f33305004495a9","hash":"cebbf8067f43cabd7da7272c2dc8721661eabfb2"}
,"/home/nmarkovic/Desktop/ReactJsProjects/SpaceXApp/space-x-application/src/store/store.tsx": {"path":"/home/nmarkovic/Desktop/ReactJsProjects/SpaceXApp/space-x-application/src/store/store.tsx","statementMap":{"0":{"start":{"line":3,"column":21},"end":{"line":7,"column":2}}},"fnMap":{},"branchMap":{},"s":{"0":3},"f":{},"b":{},"_coverageSchema":"1a1c01bbd47fc00a2c39e90264f33305004495a9","hash":"86291cbfc7443716a56d74f6c3b83d0e6713d70e"}
}
