TN:
SF:src/App.tsx
FN:13,App
FN:14,(anonymous_1)
FN:17,(anonymous_2)
FN:21,(anonymous_3)
FNF:4
FNH:0
FNDA:0,App
FNDA:0,(anonymous_1)
FNDA:0,(anonymous_2)
FNDA:0,(anonymous_3)
DA:14,0
DA:16,0
DA:17,0
DA:19,0
DA:21,0
DA:22,0
DA:25,0
LF:7
LH:0
BRDA:32,0,0,0
BRDA:32,0,1,0
BRDA:35,1,0,0
BRDA:35,1,1,0
BRDA:36,2,0,0
BRDA:36,2,1,0
BRF:6
BRH:0
end_of_record
TN:
SF:src/auth.tsx
FN:5,(anonymous_0)
FN:20,(anonymous_1)
FNF:2
FNH:0
FNDA:0,(anonymous_0)
FNDA:0,(anonymous_1)
DA:5,0
DA:7,0
DA:8,0
DA:10,0
DA:11,0
DA:13,0
DA:15,0
DA:17,0
DA:18,0
DA:20,0
DA:26,0
DA:28,0
LF:12
LH:0
BRDA:18,0,0,0
BRDA:18,0,1,0
BRF:2
BRH:0
end_of_record
TN:
SF:src/index.tsx
FNF:0
FNH:0
DA:18,0
DA:21,0
DA:26,0
DA:40,0
LF:4
LH:0
BRF:0
BRH:0
end_of_record
TN:
SF:src/reportWebVitals.ts
FN:3,(anonymous_0)
FN:5,(anonymous_1)
FNF:2
FNH:0
FNDA:0,(anonymous_0)
FNDA:0,(anonymous_1)
DA:3,0
DA:4,0
DA:5,0
DA:6,0
DA:7,0
DA:8,0
DA:9,0
DA:10,0
LF:8
LH:0
BRDA:4,0,0,0
BRDA:4,0,1,0
BRDA:4,1,0,0
BRDA:4,1,1,0
BRF:4
BRH:0
end_of_record
TN:
SF:src/components/UI/PageNotFound.tsx
FN:1,(anonymous_0)
FNF:1
FNH:0
FNDA:0,(anonymous_0)
DA:1,0
DA:2,0
LF:2
LH:0
BRF:0
BRH:0
end_of_record
TN:
SF:src/components/home/Home.tsx
FN:4,(anonymous_0)
FNF:1
FNH:1
FNDA:2,(anonymous_0)
DA:4,1
DA:5,2
DA:13,2
DA:14,2
LF:4
LH:4
BRDA:16,0,0,2
BRDA:16,0,1,2
BRDA:17,1,0,2
BRDA:17,1,1,0
BRDA:18,2,0,2
BRDA:18,2,1,0
BRF:6
BRH:4
end_of_record
TN:
SF:src/components/layout/AppBar.tsx
FN:25,(anonymous_0)
FN:41,(anonymous_1)
FN:51,(anonymous_2)
FN:65,(anonymous_3)
FN:69,(anonymous_4)
FN:75,(anonymous_5)
FN:81,(anonymous_6)
FN:85,(anonymous_7)
FN:92,(anonymous_8)
FN:95,(anonymous_9)
FN:99,(anonymous_10)
FNF:11
FNH:5
FNDA:2,(anonymous_0)
FNDA:2,(anonymous_1)
FNDA:2,(anonymous_2)
FNDA:9,(anonymous_3)
FNDA:12,(anonymous_4)
FNDA:0,(anonymous_5)
FNDA:0,(anonymous_6)
FNDA:0,(anonymous_7)
FNDA:0,(anonymous_8)
FNDA:0,(anonymous_9)
FNDA:0,(anonymous_10)
DA:25,2
DA:41,2
DA:51,2
DA:65,2
DA:66,9
DA:68,8
DA:69,12
DA:70,8
DA:71,8
DA:72,8
DA:73,8
DA:75,8
DA:76,0
DA:77,0
DA:81,8
DA:82,0
DA:85,8
DA:86,0
DA:87,0
DA:89,0
DA:90,0
DA:92,8
DA:93,0
DA:95,8
DA:96,0
DA:97,0
DA:99,8
DA:100,0
DA:102,8
DA:104,8
DA:125,8
DA:128,8
DA:178,8
LF:33
LH:22
BRDA:76,0,0,0
BRDA:76,0,1,0
BRDA:182,1,0,8
BRDA:182,1,1,2
BRDA:247,2,0,8
BRDA:247,2,1,6
BRDA:255,3,0,8
BRDA:255,3,1,2
BRDA:271,4,0,8
BRDA:271,4,1,0
BRDA:271,4,2,0
BRDA:272,5,0,8
BRDA:272,5,1,0
BRDA:272,5,2,0
BRF:14
BRH:8
end_of_record
TN:
SF:src/components/login/Login.tsx
FN:14,(anonymous_0)
FN:16,(anonymous_1)
FN:18,(anonymous_2)
FNF:3
FNH:3
FNDA:13,(anonymous_0)
FNDA:16,(anonymous_1)
FNDA:16,(anonymous_2)
DA:6,2
DA:14,2
DA:15,13
DA:16,16
DA:17,12
DA:18,16
DA:21,12
LF:7
LH:7
BRDA:21,0,0,12
BRDA:21,0,1,10
BRDA:21,0,2,2
BRF:3
BRH:3
end_of_record
TN:
SF:src/components/login/LoginForm.tsx
FN:13,(anonymous_0)
FN:17,(anonymous_1)
FN:27,(anonymous_2)
FNF:3
FNH:1
FNDA:4,(anonymous_0)
FNDA:0,(anonymous_1)
FNDA:0,(anonymous_2)
DA:13,3
DA:14,4
DA:15,3
DA:17,3
DA:18,0
DA:25,3
DA:27,3
DA:28,0
DA:29,0
DA:30,0
DA:33,3
LF:11
LH:7
BRDA:29,0,0,0
BRDA:29,0,1,0
BRDA:48,1,0,3
BRDA:48,1,1,0
BRDA:62,2,0,3
BRDA:62,2,1,0
BRF:6
BRH:2
end_of_record
TN:
SF:src/pages/home-page.tsx
FN:2,(anonymous_0)
FNF:1
FNH:0
FNDA:0,(anonymous_0)
DA:2,0
DA:3,0
LF:2
LH:0
BRF:0
BRH:0
end_of_record
TN:
SF:src/pages/login-page.tsx
FN:2,(anonymous_0)
FNF:1
FNH:0
FNDA:0,(anonymous_0)
DA:2,0
DA:4,0
LF:2
LH:0
BRF:0
BRH:0
end_of_record
TN:
SF:src/store/login-slice.tsx
FN:28,(anonymous_0)
FN:40,(anonymous_1)
FN:46,(anonymous_2)
FN:49,(anonymous_3)
FN:52,(anonymous_4)
FNF:5
FNH:4
FNDA:3,(anonymous_0)
FNDA:1,(anonymous_1)
FNDA:1,(anonymous_2)
FNDA:1,(anonymous_3)
FNDA:0,(anonymous_4)
DA:10,3
DA:16,3
DA:23,3
DA:32,3
DA:35,3
DA:36,1
DA:37,1
DA:41,1
DA:42,1
DA:43,1
DA:44,1
DA:47,1
DA:50,1
DA:53,0
DA:54,0
DA:55,0
DA:56,0
DA:58,0
DA:60,0
DA:68,3
LF:20
LH:14
BRDA:33,0,0,3
BRDA:33,0,1,1
BRDA:35,1,0,1
BRDA:35,1,1,2
BRDA:54,2,0,0
BRDA:54,2,1,0
BRF:6
BRH:4
end_of_record
TN:
SF:src/store/store.tsx
FNF:0
FNH:0
DA:3,3
LF:1
LH:1
BRF:0
BRH:0
end_of_record
